app/build/intermediates/manifest_merge_blame_file/debug/manifest-merger-blame-debug-report.txt
1<?xml version="1.0" encoding="utf-8"?>
2<manifest xmlns:android="http://schemas.android.com/apk/res/android"
3    package="com.example.fcm"
4    android:installLocation="auto"
5    android:versionCode="1"
6    android:versionName="1.0" >
7
8    <uses-sdk
9        android:minSdkVersion="23"
9-->src/main/AndroidManifest.xml
10        android:targetSdkVersion="29" />
10-->src/main/AndroidManifest.xml
11    <!-- Required to allow the app to send events and user profile information -->
12    <uses-permission android:name="android.permission.INTERNET" />
12-->src/main/AndroidManifest.xml:6:2-63
12-->src/main/AndroidManifest.xml:6:19-61
13    <!-- Recommended so that CleverTap knows when to attempt a network call -->
14    <uses-permission android:name="android.permission.ACCESS_NETWORK_STATE" />
14-->src/main/AndroidManifest.xml:8:2-75
14-->src/main/AndroidManifest.xml:8:19-73
15    <!-- the following 2 yourpackage should be changed to your package name -->
16    <permission
16-->src/main/AndroidManifest.xml:10:2-12:41
17        android:name="com.example.fcm.permission.MIPUSH_RECEIVE"
17-->src/main/AndroidManifest.xml:11:3-59
18        android:protectionLevel="signature" />
18-->src/main/AndroidManifest.xml:12:3-38
19
20    <uses-permission android:name="com.example.fcm.permission.MIPUSH_RECEIVE" />
20-->src/main/AndroidManifest.xml:13:2-78
20-->src/main/AndroidManifest.xml:13:19-75
21    <uses-permission android:name="android.permission.VIBRATE" />
21-->src/main/AndroidManifest.xml:14:2-63
21-->src/main/AndroidManifest.xml:14:19-60
22    <uses-permission android:name="android.permission.GET_TASKS" />
22-->src/main/AndroidManifest.xml:15:2-64
22-->src/main/AndroidManifest.xml:15:19-62
23    <uses-permission android:name="android.permission.ACCESS_WIFI_STATE" />
23-->src/main/AndroidManifest.xml:16:2-72
23-->src/main/AndroidManifest.xml:16:19-70
24    <uses-permission android:name="android.permission.READ_PHONE_STATE" />
24-->src/main/AndroidManifest.xml:17:2-71
24-->src/main/AndroidManifest.xml:17:19-69
25    <uses-permission android:name="android.permission.WAKE_LOCK" /> <!-- Required by older versions of Google Play services to create IID tokens -->
25-->[com.google.firebase:firebase-iid:20.2.0] AndroidManifest.xml:24:5-68
25-->[com.google.firebase:firebase-iid:20.2.0] AndroidManifest.xml:24:22-65
26    <uses-permission android:name="com.google.android.c2dm.permission.RECEIVE" />
26-->[com.google.firebase:firebase-iid:20.2.0] AndroidManifest.xml:26:5-82
26-->[com.google.firebase:firebase-iid:20.2.0] AndroidManifest.xml:26:22-79
27    <uses-permission android:name="com.google.android.finsky.permission.BIND_GET_INSTALL_REFERRER_SERVICE" />
27-->[com.android.installreferrer:installreferrer:1.1.2] AndroidManifest.xml:9:5-110
27-->[com.android.installreferrer:installreferrer:1.1.2] AndroidManifest.xml:9:22-107
28
29    <application
29-->src/main/AndroidManifest.xml:20:2-130:16
30        android:name="com.example.fcm.Application"
30-->src/main/AndroidManifest.xml:22:3-29
31        android:allowBackup="true"
31-->src/main/AndroidManifest.xml:21:3-29
32        android:appComponentFactory="androidx.core.app.CoreComponentFactory"
32-->[androidx.core:core:1.2.0] AndroidManifest.xml:24:18-86
33        android:debuggable="true"
34        android:hardwareAccelerated="true"
34-->src/main/AndroidManifest.xml:23:3-37
35        android:icon="@mipmap/ic_launcher"
35-->src/main/AndroidManifest.xml:25:3-37
36        android:label="@string/app_name"
36-->src/main/AndroidManifest.xml:26:3-35
37        android:networkSecurityConfig="@xml/network_security_config"
37-->src/main/AndroidManifest.xml:24:3-63
38        android:supportsRtl="true"
38-->src/main/AndroidManifest.xml:27:3-29
39        android:testOnly="true"
40        android:theme="@style/AppTheme" >
40-->src/main/AndroidManifest.xml:28:3-34
41        <service
41-->src/main/AndroidManifest.xml:29:3-32:58
42            android:name="com.xiaomi.push.service.XMPushService"
42-->src/main/AndroidManifest.xml:32:4-56
43            android:enabled="true"
43-->src/main/AndroidManifest.xml:30:4-26
44            android:process=":pushservice" />
44-->src/main/AndroidManifest.xml:31:4-34
45        <service
45-->src/main/AndroidManifest.xml:33:3-38:37
46            android:name="com.xiaomi.push.service.XMJobService"
46-->src/main/AndroidManifest.xml:34:4-55
47            android:enabled="true"
47-->src/main/AndroidManifest.xml:35:4-26
48            android:exported="false"
48-->src/main/AndroidManifest.xml:36:4-28
49            android:permission="android.permission.BIND_JOB_SERVICE"
49-->src/main/AndroidManifest.xml:37:4-60
50            android:process=":pushservice" />
50-->src/main/AndroidManifest.xml:38:4-34
51        <!-- Note：This service must be added to the version 3.0.1 or later（including version 3.0.1） -->
52        <service
52-->src/main/AndroidManifest.xml:40:3-43:62
53            android:name="com.xiaomi.mipush.sdk.PushMessageHandler"
53-->src/main/AndroidManifest.xml:43:4-59
54            android:enabled="true"
54-->src/main/AndroidManifest.xml:41:4-26
55            android:exported="true" />
55-->src/main/AndroidManifest.xml:42:4-27
56        <service
56-->src/main/AndroidManifest.xml:44:3-45:64
57            android:name="com.xiaomi.mipush.sdk.MessageHandleService"
57-->src/main/AndroidManifest.xml:45:4-61
58            android:enabled="true" />
58-->src/main/AndroidManifest.xml:44:12-34
59        <!-- Note：this service must be added to version 2.2.5 or later （includes version 2.2.5） -->
60        <receiver
60-->src/main/AndroidManifest.xml:47:3-54:14
61            android:name="com.xiaomi.push.service.receivers.NetworkStatusReceiver"
61-->src/main/AndroidManifest.xml:49:4-74
62            android:exported="true" >
62-->src/main/AndroidManifest.xml:48:4-27
63            <intent-filter>
63-->src/main/AndroidManifest.xml:50:4-53:20
64                <action android:name="android.net.conn.CONNECTIVITY_CHANGE" />
64-->src/main/AndroidManifest.xml:51:5-67
64-->src/main/AndroidManifest.xml:51:13-64
65
66                <category android:name="android.intent.category.DEFAULT" />
66-->src/main/AndroidManifest.xml:52:5-64
66-->src/main/AndroidManifest.xml:52:15-61
67            </intent-filter>
68        </receiver>
69        <receiver
69-->src/main/AndroidManifest.xml:55:3-62:14
70            android:name="com.xiaomi.push.service.receivers.PingReceiver"
70-->src/main/AndroidManifest.xml:58:4-65
71            android:exported="false"
71-->src/main/AndroidManifest.xml:56:4-28
72            android:process=":pushservice" >
72-->src/main/AndroidManifest.xml:57:4-34
73            <intent-filter>
73-->src/main/AndroidManifest.xml:59:4-61:20
74                <action android:name="com.xiaomi.push.PING_TIMER" />
74-->src/main/AndroidManifest.xml:60:5-57
74-->src/main/AndroidManifest.xml:60:13-54
75            </intent-filter>
76        </receiver>
77        <receiver
77-->src/main/AndroidManifest.xml:63:3-75:14
78            android:name="com.example.fcm.MyFirebaseMessagingService"
78-->src/main/AndroidManifest.xml:64:4-46
79            android:exported="true" >
79-->src/main/AndroidManifest.xml:65:4-27
80            <intent-filter>
80-->src/main/AndroidManifest.xml:66:4-68:20
81                <action android:name="com.xiaomi.mipush.RECEIVE_MESSAGE" />
81-->src/main/AndroidManifest.xml:67:5-64
81-->src/main/AndroidManifest.xml:67:13-61
82            </intent-filter>
83            <intent-filter>
83-->src/main/AndroidManifest.xml:69:4-71:20
84                <action android:name="com.xiaomi.mipush.MESSAGE_ARRIVED" />
84-->src/main/AndroidManifest.xml:70:5-64
84-->src/main/AndroidManifest.xml:70:13-61
85            </intent-filter>
86            <intent-filter>
86-->src/main/AndroidManifest.xml:72:4-74:20
87                <action android:name="com.xiaomi.mipush.ERROR" />
87-->src/main/AndroidManifest.xml:73:5-54
87-->src/main/AndroidManifest.xml:73:13-51
88            </intent-filter>
89        </receiver>
90
91        <meta-data
91-->src/main/AndroidManifest.xml:77:3-79:34
92            android:name="CLEVERTAP_ACCOUNT_ID"
92-->src/main/AndroidManifest.xml:78:4-39
93            android:value="R74-547-885Z" />
93-->src/main/AndroidManifest.xml:79:4-32
94        <meta-data
94-->src/main/AndroidManifest.xml:80:3-82:29
95            android:name="CLEVERTAP_TOKEN"
95-->src/main/AndroidManifest.xml:81:4-34
96            android:value="a45-4a2" />
96-->src/main/AndroidManifest.xml:82:4-27
97        <!-- IMPORTANT: To force use Google AD ID to uniquely identify  users, use the following meta tag. GDPR mandates that if you are using this tag, there is prominent disclousure to your end customer in their application. Read more about GDPR here - https://clevertap.com/blog/in-preparation-of-gdpr-compliance/ -->
98        <meta-data
98-->src/main/AndroidManifest.xml:84:3-86:23
99            android:name="CLEVERTAP_USE_GOOGLE_AD_ID"
99-->src/main/AndroidManifest.xml:85:4-45
100            android:value="1" />
100-->src/main/AndroidManifest.xml:86:4-21
101        <meta-data
101-->src/main/AndroidManifest.xml:87:3-89:38
102            android:name="CLEVERTAP_APP_PACKAGE"
102-->src/main/AndroidManifest.xml:88:4-40
103            android:value="com.example.fcm" />
103-->src/main/AndroidManifest.xml:89:4-35
104        <meta-data
104-->src/main/AndroidManifest.xml:90:3-92:24
105            android:name="com.google.firebase.messaging.default_notification_channel_id"
105-->src/main/AndroidManifest.xml:91:4-80
106            android:value="1" />
106-->src/main/AndroidManifest.xml:92:4-21
107        <meta-data
107-->src/main/AndroidManifest.xml:94:3-96:51
108            android:name="com.google.firebase.messaging.default_notification_icon"
108-->src/main/AndroidManifest.xml:95:4-74
109            android:resource="@drawable/ic_notification" />
109-->src/main/AndroidManifest.xml:96:4-48
110        <meta-data
110-->src/main/AndroidManifest.xml:98:3-100:44
111            android:name="com.google.firebase.messaging.default_notification_color"
111-->src/main/AndroidManifest.xml:99:4-75
112            android:resource="@color/colorAccent" />
112-->src/main/AndroidManifest.xml:100:4-41
113
114        <service
114-->src/main/AndroidManifest.xml:102:3-108:13
115            android:name="com.example.fcm.MyFirebaseMessagingService_forFb"
115-->src/main/AndroidManifest.xml:103:4-52
116            android:exported="false" >
116-->src/main/AndroidManifest.xml:104:4-28
117            <intent-filter>
117-->src/main/AndroidManifest.xml:105:4-107:20
118                <action android:name="com.google.firebase.MESSAGING_EVENT" />
118-->src/main/AndroidManifest.xml:106:5-65
118-->src/main/AndroidManifest.xml:106:13-63
119            </intent-filter>
120        </service>
121
122        <activity android:name="com.example.fcm.MainActivity" >
122-->src/main/AndroidManifest.xml:110:3-115:14
122-->src/main/AndroidManifest.xml:110:13-41
123            <intent-filter>
123-->src/main/AndroidManifest.xml:111:4-114:20
124                <action android:name="android.intent.action.MAIN" />
124-->src/main/AndroidManifest.xml:112:5-56
124-->src/main/AndroidManifest.xml:112:13-54
125
126                <category android:name="android.intent.category.LAUNCHER" />
126-->src/main/AndroidManifest.xml:113:5-64
126-->src/main/AndroidManifest.xml:113:15-62
127            </intent-filter>
128        </activity>
129        <activity
129-->src/main/AndroidManifest.xml:117:3-128:14
130            android:name="com.example.fcm.SecondActivity"
130-->src/main/AndroidManifest.xml:117:13-43
131            android:configChanges="screenSize|smallestScreenSize|screenLayout|orientation"
131-->src/main/AndroidManifest.xml:118:4-82
132            android:excludeFromRecents="true"
132-->src/main/AndroidManifest.xml:121:40-73
133            android:launchMode="singleInstance"
133-->src/main/AndroidManifest.xml:121:4-39
134            android:resizeableActivity="true"
134-->src/main/AndroidManifest.xml:119:4-37
135            android:supportsPictureInPicture="true"
135-->src/main/AndroidManifest.xml:120:4-43
136            android:taskAffinity=""
136-->src/main/AndroidManifest.xml:122:4-27
137            android:theme="@style/Dialog" >
137-->src/main/AndroidManifest.xml:122:28-57
138            <intent-filter>
138-->src/main/AndroidManifest.xml:124:4-127:20
139                <action android:name="OPEN_ACTIVITY_1" />
139-->src/main/AndroidManifest.xml:125:5-45
139-->src/main/AndroidManifest.xml:125:13-43
140
141                <category android:name="android.intent.category.DEFAULT" />
141-->src/main/AndroidManifest.xml:52:5-64
141-->src/main/AndroidManifest.xml:52:15-61
142            </intent-filter>
143        </activity>
144        <activity
144-->[com.clevertap.android:clevertap-android-sdk:3.8.0] AndroidManifest.xml:12:9-15:75
145            android:name="com.clevertap.android.sdk.InAppNotificationActivity"
145-->[com.clevertap.android:clevertap-android-sdk:3.8.0] AndroidManifest.xml:13:13-79
146            android:configChanges="keyboardHidden"
146-->[com.clevertap.android:clevertap-android-sdk:3.8.0] AndroidManifest.xml:14:13-51
147            android:theme="@android:style/Theme.Translucent.NoTitleBar" />
147-->[com.clevertap.android:clevertap-android-sdk:3.8.0] AndroidManifest.xml:15:13-72
148        <activity
148-->[com.clevertap.android:clevertap-android-sdk:3.8.0] AndroidManifest.xml:16:9-19:77
149            android:name="com.clevertap.android.sdk.CTInboxActivity"
149-->[com.clevertap.android:clevertap-android-sdk:3.8.0] AndroidManifest.xml:17:13-69
150            android:configChanges="keyboardHidden"
150-->[com.clevertap.android:clevertap-android-sdk:3.8.0] AndroidManifest.xml:18:13-51
151            android:theme="@style/Theme.AppCompat.DayNight.DarkActionBar" />
151-->[com.clevertap.android:clevertap-android-sdk:3.8.0] AndroidManifest.xml:19:13-74
152
153        <receiver
153-->[com.clevertap.android:clevertap-android-sdk:3.8.0] AndroidManifest.xml:21:9-25:20
154            android:name="com.clevertap.android.sdk.CTPushNotificationReceiver"
154-->[com.clevertap.android:clevertap-android-sdk:3.8.0] AndroidManifest.xml:22:13-80
155            android:enabled="true"
155-->[com.clevertap.android:clevertap-android-sdk:3.8.0] AndroidManifest.xml:23:13-35
156            android:exported="false" >
156-->[com.clevertap.android:clevertap-android-sdk:3.8.0] AndroidManifest.xml:24:13-37
157        </receiver>
158
159        <service
159-->[com.clevertap.android:clevertap-android-sdk:3.8.0] AndroidManifest.xml:27:9-34:19
160            android:name="com.clevertap.android.sdk.CTBackgroundIntentService"
160-->[com.clevertap.android:clevertap-android-sdk:3.8.0] AndroidManifest.xml:28:13-79
161            android:exported="false"
161-->[com.clevertap.android:clevertap-android-sdk:3.8.0] AndroidManifest.xml:29:13-37
162            android:permission="android.permission.BIND_JOB_SERVICE" >
162-->[com.clevertap.android:clevertap-android-sdk:3.8.0] AndroidManifest.xml:30:13-69
163            <intent-filter>
163-->[com.clevertap.android:clevertap-android-sdk:3.8.0] AndroidManifest.xml:31:13-33:29
164                <action android:name="com.clevertap.BG_EVENT" />
164-->[com.clevertap.android:clevertap-android-sdk:3.8.0] AndroidManifest.xml:32:17-65
164-->[com.clevertap.android:clevertap-android-sdk:3.8.0] AndroidManifest.xml:32:25-62
165            </intent-filter>
166        </service>
167        <service
167-->[com.clevertap.android:clevertap-android-sdk:3.8.0] AndroidManifest.xml:35:9-39:19
168            android:name="com.clevertap.android.sdk.CTBackgroundJobService"
168-->[com.clevertap.android:clevertap-android-sdk:3.8.0] AndroidManifest.xml:36:13-76
169            android:exported="false"
169-->[com.clevertap.android:clevertap-android-sdk:3.8.0] AndroidManifest.xml:37:13-37
170            android:permission="android.permission.BIND_JOB_SERVICE" >
170-->[com.clevertap.android:clevertap-android-sdk:3.8.0] AndroidManifest.xml:38:13-69
171        </service>
172        <!--
173             FirebaseMessagingService performs security checks at runtime,
174             but set to not exported to explicitly avoid allowing another app to call it.
175        -->
176        <service
176-->[com.google.firebase:firebase-messaging:20.2.0] AndroidManifest.xml:28:9-35:19
177            android:name="com.google.firebase.messaging.FirebaseMessagingService"
177-->[com.google.firebase:firebase-messaging:20.2.0] AndroidManifest.xml:29:13-82
178            android:directBootAware="true"
178-->[com.google.firebase:firebase-messaging:20.2.0] AndroidManifest.xml:30:13-43
179            android:exported="false" >
179-->[com.google.firebase:firebase-messaging:20.2.0] AndroidManifest.xml:31:13-37
180            <intent-filter android:priority="-500" >
180-->src/main/AndroidManifest.xml:105:4-107:20
181                <action android:name="com.google.firebase.MESSAGING_EVENT" />
181-->src/main/AndroidManifest.xml:106:5-65
181-->src/main/AndroidManifest.xml:106:13-63
182            </intent-filter>
183        </service>
184        <service
184-->[com.google.firebase:firebase-messaging:20.2.0] AndroidManifest.xml:36:9-42:19
185            android:name="com.google.firebase.components.ComponentDiscoveryService"
185-->[com.google.firebase:firebase-messaging:20.2.0] AndroidManifest.xml:37:13-84
186            android:directBootAware="true"
186-->[com.google.firebase:firebase-common:19.3.0] AndroidManifest.xml:34:13-43
187            android:exported="false" >
187-->[com.google.firebase:firebase-messaging:20.2.0] AndroidManifest.xml:38:13-37
188            <meta-data
188-->[com.google.firebase:firebase-messaging:20.2.0] AndroidManifest.xml:39:13-41:85
189                android:name="com.google.firebase.components:com.google.firebase.messaging.FirebaseMessagingRegistrar"
189-->[com.google.firebase:firebase-messaging:20.2.0] AndroidManifest.xml:40:17-119
190                android:value="com.google.firebase.components.ComponentRegistrar" />
190-->[com.google.firebase:firebase-messaging:20.2.0] AndroidManifest.xml:41:17-82
191            <meta-data
191-->[com.google.firebase:firebase-iid:20.2.0] AndroidManifest.xml:32:13-34:85
192                android:name="com.google.firebase.components:com.google.firebase.iid.Registrar"
192-->[com.google.firebase:firebase-iid:20.2.0] AndroidManifest.xml:33:17-96
193                android:value="com.google.firebase.components.ComponentRegistrar" />
193-->[com.google.firebase:firebase-iid:20.2.0] AndroidManifest.xml:34:17-82
194            <meta-data
194-->[com.google.firebase:firebase-datatransport:17.0.3] AndroidManifest.xml:28:13-30:85
195                android:name="com.google.firebase.components:com.google.firebase.datatransport.TransportRegistrar"
195-->[com.google.firebase:firebase-datatransport:17.0.3] AndroidManifest.xml:29:17-115
196                android:value="com.google.firebase.components.ComponentRegistrar" />
196-->[com.google.firebase:firebase-datatransport:17.0.3] AndroidManifest.xml:30:17-82
197            <meta-data
197-->[com.google.firebase:firebase-installations:16.3.1] AndroidManifest.xml:17:13-19:85
198                android:name="com.google.firebase.components:com.google.firebase.installations.FirebaseInstallationsRegistrar"
198-->[com.google.firebase:firebase-installations:16.3.1] AndroidManifest.xml:18:17-127
199                android:value="com.google.firebase.components.ComponentRegistrar" />
199-->[com.google.firebase:firebase-installations:16.3.1] AndroidManifest.xml:19:17-82
200        </service>
201
202        <receiver
202-->[com.google.firebase:firebase-iid:20.2.0] AndroidManifest.xml:37:9-44:20
203            android:name="com.google.firebase.iid.FirebaseInstanceIdReceiver"
203-->[com.google.firebase:firebase-iid:20.2.0] AndroidManifest.xml:38:13-78
204            android:exported="true"
204-->[com.google.firebase:firebase-iid:20.2.0] AndroidManifest.xml:39:13-36
205            android:permission="com.google.android.c2dm.permission.SEND" >
205-->[com.google.firebase:firebase-iid:20.2.0] AndroidManifest.xml:40:13-73
206            <intent-filter>
206-->[com.google.firebase:firebase-iid:20.2.0] AndroidManifest.xml:41:13-43:29
207                <action android:name="com.google.android.c2dm.intent.RECEIVE" />
207-->[com.google.firebase:firebase-iid:20.2.0] AndroidManifest.xml:42:17-81
207-->[com.google.firebase:firebase-iid:20.2.0] AndroidManifest.xml:42:25-78
208            </intent-filter>
209        </receiver>
210
211        <activity
211-->[com.google.android.gms:play-services-base:17.2.1] AndroidManifest.xml:23:9-26:75
212            android:name="com.google.android.gms.common.api.GoogleApiActivity"
212-->[com.google.android.gms:play-services-base:17.2.1] AndroidManifest.xml:24:13-79
213            android:exported="false"
213-->[com.google.android.gms:play-services-base:17.2.1] AndroidManifest.xml:25:13-37
214            android:theme="@android:style/Theme.Translucent.NoTitleBar" />
214-->[com.google.android.gms:play-services-base:17.2.1] AndroidManifest.xml:26:13-72
215
216        <provider
216-->[com.google.firebase:firebase-common:19.3.0] AndroidManifest.xml:26:9-30:39
217            android:name="com.google.firebase.provider.FirebaseInitProvider"
217-->[com.google.firebase:firebase-common:19.3.0] AndroidManifest.xml:27:13-77
218            android:authorities="com.example.fcm.firebaseinitprovider"
218-->[com.google.firebase:firebase-common:19.3.0] AndroidManifest.xml:28:13-72
219            android:exported="false"
219-->[com.google.firebase:firebase-common:19.3.0] AndroidManifest.xml:29:13-37
220            android:initOrder="100" />
220-->[com.google.firebase:firebase-common:19.3.0] AndroidManifest.xml:30:13-36
221
222        <meta-data
222-->[com.google.android.gms:play-services-basement:17.2.1] AndroidManifest.xml:23:9-25:69
223            android:name="com.google.android.gms.version"
223-->[com.google.android.gms:play-services-basement:17.2.1] AndroidManifest.xml:24:13-58
224            android:value="@integer/google_play_services_version" />
224-->[com.google.android.gms:play-services-basement:17.2.1] AndroidManifest.xml:25:13-66
225
226        <service
226-->[com.google.android.datatransport:transport-backend-cct:2.2.0] AndroidManifest.xml:29:9-35:19
227            android:name="com.google.android.datatransport.runtime.backends.TransportBackendDiscovery"
227-->[com.google.android.datatransport:transport-backend-cct:2.2.0] AndroidManifest.xml:30:13-103
228            android:exported="false" >
228-->[com.google.android.datatransport:transport-backend-cct:2.2.0] AndroidManifest.xml:31:13-37
229            <meta-data
229-->[com.google.android.datatransport:transport-backend-cct:2.2.0] AndroidManifest.xml:32:13-34:39
230                android:name="backend:com.google.android.datatransport.cct.CctBackendFactory"
230-->[com.google.android.datatransport:transport-backend-cct:2.2.0] AndroidManifest.xml:33:17-94
231                android:value="cct" />
231-->[com.google.android.datatransport:transport-backend-cct:2.2.0] AndroidManifest.xml:34:17-36
232        </service>
233        <service
233-->[com.google.android.datatransport:transport-runtime:2.2.0] AndroidManifest.xml:26:9-30:19
234            android:name="com.google.android.datatransport.runtime.scheduling.jobscheduling.JobInfoSchedulerService"
234-->[com.google.android.datatransport:transport-runtime:2.2.0] AndroidManifest.xml:27:13-117
235            android:exported="false"
235-->[com.google.android.datatransport:transport-runtime:2.2.0] AndroidManifest.xml:28:13-37
236            android:permission="android.permission.BIND_JOB_SERVICE" >
236-->[com.google.android.datatransport:transport-runtime:2.2.0] AndroidManifest.xml:29:13-69
237        </service>
238
239        <receiver
239-->[com.google.android.datatransport:transport-runtime:2.2.0] AndroidManifest.xml:32:9-34:40
240            android:name="com.google.android.datatransport.runtime.scheduling.jobscheduling.AlarmManagerSchedulerBroadcastReceiver"
240-->[com.google.android.datatransport:transport-runtime:2.2.0] AndroidManifest.xml:33:13-132
241            android:exported="false" />
241-->[com.google.android.datatransport:transport-runtime:2.2.0] AndroidManifest.xml:34:13-37
242    </application>
243
244</manifest>